<?xml version="1.0" encoding="UTF-8"?>
<testsuite xmlns:xsi="http://www.w3.org/2001/XMLSchema-instance" xsi:noNamespaceSchemaLocation="https://maven.apache.org/surefire/maven-surefire-plugin/xsd/surefire-test-report.xsd" version="3.0.2" name="com.palsandpalms.model.ResidentTest" time="0.019" tests="3" errors="0" skipped="0" failures="0">
  <properties>
[...]
</properties>
  <testcase name="inventoryAddRemoveByReference" classname="com.palsandpalms.model.ResidentTest" time="0.009"/>
  <testcase name="inventoryRejectsNull" classname="com.palsandpalms.model.ResidentTest" time="0.003"/>
  <testcase name="statusClamps" classname="com.palsandpalms.model.ResidentTest" time="0.002"/>
</testsuite>